{
  "stats": {
    "suites": 1,
    "tests": 1,
    "passes": 0,
    "pending": 0,
    "failures": 1,
    "start": "2021-08-12T00:18:03.406Z",
    "end": "2021-08-12T00:18:33.555Z",
    "duration": 30149,
    "testsRegistered": 1,
    "passPercent": 0,
    "pendingPercent": 0,
    "other": 0,
    "hasOther": false,
    "skipped": 0,
    "hasSkipped": false
  },
  "results": [
    {
      "uuid": "6a92c5ce-5910-4486-9b4b-95693ba52a80",
      "title": "",
      "fullFile": "cypress/integration/smiles.feature",
      "file": "cypress/integration/smiles.feature",
      "beforeHooks": [],
      "afterHooks": [],
      "tests": [],
      "suites": [
        {
          "uuid": "0a20b7ef-b740-4c18-93f5-fe25f6cc4288",
          "title": "Verificar a seleção de voos",
          "fullFile": "",
          "file": "",
          "beforeHooks": [],
          "afterHooks": [],
          "tests": [
            {
              "title": "Preencher os campos de ida e volta",
              "fullTitle": "Verificar a seleção de voos Preencher os campos de ida e volta",
              "timedOut": null,
              "duration": 30042,
              "state": "failed",
              "speed": null,
              "pass": false,
              "fail": true,
              "pending": false,
              "context": null,
              "code": "const state = window.testState;\nreturn cy\n  .then(() => state.onStartScenario(scenario, indexedSteps))\n  .then(() =>\n    resolveAndRunBeforeHooks.call(this, scenario.tags, state.feature.name)\n  )\n  .then(() =>\n    indexedSteps.forEach((step) =>\n      stepTest.call(this, state, step, rowData)\n    )\n  )\n  .then(() => state.onFinishScenario(scenario));",
              "err": {
                "message": "CypressError: Timed out retrying after 10050ms: `cy.click()` failed because the center of this element is hidden from view:\n\n`<label for=\"option1\">...</label>`\n\nFix this problem, or use `{force: true}` to disable error checking.\n\nhttps://on.cypress.io/element-cannot-be-interacted-with",
                "estack": "CypressError: Timed out retrying after 10050ms: `cy.click()` failed because the center of this element is hidden from view:\n\n`<label for=\"option1\">...</label>`\n\nFix this problem, or use `{force: true}` to disable error checking.\n\nhttps://on.cypress.io/element-cannot-be-interacted-with\n    at $Cy.ensureDescendents (https://www.smiles.com.br/__cypress/runner/cypress_runner.js:148572:24)\n    at ensureDescendents (https://www.smiles.com.br/__cypress/runner/cypress_runner.js:135786:8)\n    at possiblyScrollMultipleTimes (https://www.smiles.com.br/__cypress/runner/cypress_runner.js:135895:22)\n    at scrollContainers (https://www.smiles.com.br/__cypress/runner/cypress_runner.js:135918:16)\n    at ensureDescendentsAndScroll (https://www.smiles.com.br/__cypress/runner/cypress_runner.js:135922:14)\n    at ensureElIsNotCovered (https://www.smiles.com.br/__cypress/runner/cypress_runner.js:135927:5)\n    at runAllChecks (https://www.smiles.com.br/__cypress/runner/cypress_runner.js:136114:52)\n    at retryActionability (https://www.smiles.com.br/__cypress/runner/cypress_runner.js:136137:16)\n    at tryCatcher (https://www.smiles.com.br/__cypress/runner/cypress_runner.js:13212:23)\n    at Function.Promise.attempt.Promise.try (https://www.smiles.com.br/__cypress/runner/cypress_runner.js:10486:29)\n    at tryFn (https://www.smiles.com.br/__cypress/runner/cypress_runner.js:153198:21)\n    at whenStable (https://www.smiles.com.br/__cypress/runner/cypress_runner.js:153236:12)\n    at https://www.smiles.com.br/__cypress/runner/cypress_runner.js:152728:16\n    at tryCatcher (https://www.smiles.com.br/__cypress/runner/cypress_runner.js:13212:23)\n    at Promise._settlePromiseFromHandler (https://www.smiles.com.br/__cypress/runner/cypress_runner.js:11147:31)\n    at Promise._settlePromise (https://www.smiles.com.br/__cypress/runner/cypress_runner.js:11204:18)\nFrom Your Spec Code:\n    at SmilesCampos.validacao (https://www.smiles.com.br/__cypress/tests?p=cypress\\integration\\smiles.feature:180:42)\n    at Context.eval (https://www.smiles.com.br/__cypress/tests?p=cypress\\integration\\smiles.feature:211:13)\n    at Context.resolveAndRunStepDefinition (https://www.smiles.com.br/__cypress/tests?p=cypress\\integration\\smiles.feature:10699:29)\n    at Context.eval (https://www.smiles.com.br/__cypress/tests?p=cypress\\integration\\smiles.feature:10020:35)",
                "diff": null
              },
              "uuid": "d814e9d4-ce12-4981-ad0c-b28a38f94e8e",
              "parentUUID": "0a20b7ef-b740-4c18-93f5-fe25f6cc4288",
              "isHook": false,
              "skipped": false
            }
          ],
          "suites": [],
          "passes": [],
          "failures": [
            "d814e9d4-ce12-4981-ad0c-b28a38f94e8e"
          ],
          "pending": [],
          "skipped": [],
          "duration": 30042,
          "root": false,
          "rootEmpty": false,
          "_timeout": 2000
        }
      ],
      "passes": [],
      "failures": [],
      "pending": [],
      "skipped": [],
      "duration": 0,
      "root": true,
      "rootEmpty": true,
      "_timeout": 2000
    }
  ],
  "meta": {
    "mocha": {
      "version": "7.0.1"
    },
    "mochawesome": {
      "options": {
        "quiet": false,
        "reportFilename": "mochawesome",
        "saveHtml": true,
        "saveJson": true,
        "consoleReporter": "spec",
        "useInlineDiffs": false,
        "code": true
      },
      "version": "6.2.2"
    },
    "marge": {
      "options": {
        "overwrite": false
      },
      "version": "5.2.0"
    }
  }
}